<?xml version="1.0" encoding="UTF-8"?>
<!-- Generated by org.testng.reporters.JUnitReportReporter -->
<testsuite hostname="DESKTOP-JEN388G" failures="0" tests="1" name="com.Qa.AmaedeusApi.tests.AmadeusAPITest" time="5.772" errors="0" timestamp="2024-04-01T19:52:12 IST" skipped="0">
  <testcase classname="com.Qa.AmaedeusApi.tests.AmadeusAPITest" name="getFlightDetails" time="5.772"/>
  <system-out/>
</testsuite> <!-- com.Qa.AmaedeusApi.tests.AmadeusAPITest -->
