<?xml version="1.0" encoding="UTF-8"?>
<!-- Generated by org.testng.reporters.JUnitReportReporter -->
<testsuite hostname="DESKTOP-JEN388G" failures="0" tests="1" name="com.Qa.reqres.tests.GetReqResUsersTest" time="0.154" errors="0" timestamp="2024-04-01T19:52:12 IST" skipped="0">
  <testcase classname="com.Qa.reqres.tests.GetReqResUsersTest" name="getAllUser" time="0.154"/>
  <system-out/>
</testsuite> <!-- com.Qa.reqres.tests.GetReqResUsersTest -->
