<?xml version="1.0" encoding="UTF-8"?>
<!-- Generated by org.testng.reporters.JUnitReportReporter -->
<testsuite hostname="DESKTOP-JEN388G" failures="0" tests="1" name="com.Qa.AmaedeusApi.tests.AmadeusAPITest" time="8.260" errors="0" timestamp="2024-03-22T22:17:21 IST" skipped="0">
  <testcase classname="com.Qa.AmaedeusApi.tests.AmadeusAPITest" name="getFlightDetails" time="8.260"/>
  <system-out/>
</testsuite> <!-- com.Qa.AmaedeusApi.tests.AmadeusAPITest -->
