<?xml version="1.0" encoding="UTF-8"?>
<!-- Generated by org.testng.reporters.JUnitReportReporter -->
<testsuite hostname="DESKTOP-JEN388G" failures="0" tests="3" name="com.Qa.gorest.tests.GetGoRestUserTest" time="4.042" errors="0" timestamp="2024-03-31T12:07:24 IST" skipped="0">
  <testcase classname="com.Qa.gorest.tests.GetGoRestUserTest" name="getUsersWithQueryParam" time="0.469"/>
  <system-out/>
  <testcase classname="com.Qa.gorest.tests.GetGoRestUserTest" name="getSingleUser" time="1.064"/>
  <system-out/>
  <testcase classname="com.Qa.gorest.tests.GetGoRestUserTest" name="getAllUser" time="2.509"/>
  <system-out/>
</testsuite> <!-- com.Qa.gorest.tests.GetGoRestUserTest -->
