<?xml version="1.0" encoding="UTF-8"?>
<!-- Generated by org.testng.reporters.JUnitReportReporter -->
<testsuite hostname="DESKTOP-JEN388G" failures="0" tests="1" name="com.Qa.circuitapi.tests.GetCircuitUserTest" time="3.083" errors="0" timestamp="2024-04-01T19:52:12 IST" skipped="0">
  <testcase classname="com.Qa.circuitapi.tests.GetCircuitUserTest" name="getAllUser" time="3.083"/>
  <system-out/>
</testsuite> <!-- com.Qa.circuitapi.tests.GetCircuitUserTest -->
